<?xml version="1.0" encoding="UTF-8"?>
<!-- Generated by org.testng.reporters.JUnitReportReporter -->
<testsuite hostname="DESKTOP-VBRUKDA" failures="0" tests="2" name="com.rajlabs.qa.test.SignupTest" time="6.377" errors="0" timestamp="2023-05-24T13:16:22 IST" skipped="0">
  <testcase classname="com.rajlabs.qa.test.SignupTest" name="testmethod2" time="1.801"/>
  <system-out/>
  <testcase classname="com.rajlabs.qa.test.SignupTest" name="testmethod1" time="4.576"/>
  <system-out/>
</testsuite> <!-- com.rajlabs.qa.test.SignupTest -->
