<?xml version="1.0" encoding="UTF-8"?>
<!-- Generated by org.testng.reporters.JUnitReportReporter -->
<testsuite hostname="DESKTOP-VBRUKDA" failures="0" tests="1" name="com.rajlabs.qa.test.ScreenshotofElement" time="23.951" errors="0" timestamp="2023-05-25T20:51:05 IST" skipped="0">
  <testcase classname="com.rajlabs.qa.test.ScreenshotofElement" name="logosize" time="23.951"/>
  <system-out/>
</testsuite> <!-- com.rajlabs.qa.test.ScreenshotofElement -->
